C51 COMPILER V9.60.0.0   MAIN                                                              10/17/2024 15:47:42 PAGE 1   


C51 COMPILER V9.60.0.0, COMPILATION OF MODULE MAIN
OBJECT MODULE PLACED IN .\Objects\main.obj
COMPILER INVOKED BY: D:\Keil_v5\C51\BIN\C51.EXE ..\code\main.c OMF2 OPTIMIZE(8,SPEED) BROWSE INCDIR(..\Libary\Device\CMS
                    -8S6990\Include;..\Libary\StdDriver\inc;..\code;..\u8g2;..\GUI) DEBUG PRINT(.\Listings\main.lst) TABS(2) OBJECT(.\Objects
                    -\main.obj)

line level    source

   1          /*******************************************************************************
   2          * Copyright (C) 2019 China Micro Semiconductor Limited Company. All Rights Reserved.
   3          *
   4          * This software is owned and published by:
   5          * CMS LLC, No 2609-10, Taurus Plaza, TaoyuanRoad, NanshanDistrict, Shenzhen, China.
   6          *
   7          * BY DOWNLOADING, INSTALLING OR USING THIS SOFTWARE, YOU AGREE TO BE BOUND
   8          * BY ALL THE TERMS AND CONDITIONS OF THIS AGREEMENT.
   9          *
  10          * This software contains source code for use with CMS
  11          * components. This software is licensed by CMS to be adapted only
  12          * for use in systems utilizing CMS components. CMS shall not be
  13          * responsible for misuse or illegal use of this software for devices not
  14          * supported herein. CMS is providing this software "AS IS" and will
  15          * not be responsible for issues arising from incorrect user implementation
  16          * of the software.
  17          *
  18          * This software may be replicated in part or whole for the licensed use,
  19          * with the restriction that this Disclaimer and Copyright notice must be
  20          * included with each copy of this software, whether used in part or whole,
  21          * at all times.
  22          */
  23          
  24          /****************************************************************************/
  25          /** \file main.c
  26          **
  27          ** 
  28          **
  29          **  History:
  30          **  
  31          *****************************************************************************/
  32          /****************************************************************************/
  33          /*  include files
  34          *****************************************************************************/
  35          #include "cms8s6990.h"
  36          
  37          /****************************************************************************/
  38          /*  Local pre-processor symbols('#define')
  39          *****************************************************************************/
  40          
  41          /****************************************************************************/
  42          /*  Global variable definitions(declared in header file with 'extern')
  43          *****************************************************************************/
  44          
  45          
  46          /****************************************************************************/
  47          /*  Local type definitions('typedef')
  48          *****************************************************************************/
  49          
  50          /****************************************************************************/
  51          /*  Local variable  definitions('static')
  52          *****************************************************************************/
  53          uint32_t Systemclock = 24000000;
C51 COMPILER V9.60.0.0   MAIN                                                              10/17/2024 15:47:42 PAGE 2   

  54          
  55          /****************************************************************************/
  56          /*  Local function prototypes('static')
  57          *****************************************************************************/
  58          
  59          
  60          /****************************************************************************/
  61          /*  Function implementation - global ('extern') and local('static')
  62          *****************************************************************************/
  63          
  64          /*****************************************************************************
  65           ** \brief   main
  66           **
  67           ** \param [in]  none   
  68           **
  69           ** \return 0
  70           *****************************************************************************/
  71          
  72          int main(void)
  73          {   
  74   1        while(1)
  75   1        { 
  76   2          ;
  77   2        }   
  78   1      }
  79          
  80          
  81          
  82          
  83          
  84          
  85          
  86          
  87          
  88          
  89          
  90          
  91          
  92          
  93          
  94          
  95          
  96          
  97          
  98          
  99          
 100          


MODULE INFORMATION:   STATIC OVERLAYABLE
   CODE SIZE        =      2    ----
   CONSTANT SIZE    =   ----    ----
   XDATA SIZE       =   ----    ----
   PDATA SIZE       =   ----    ----
   DATA SIZE        =      4    ----
   IDATA SIZE       =   ----    ----
   BIT SIZE         =   ----    ----
   EDATA SIZE       =   ----    ----
   HDATA SIZE       =   ----    ----
   XDATA CONST SIZE =   ----    ----
   FAR CONST SIZE   =   ----    ----
END OF MODULE INFORMATION.

C51 COMPILER V9.60.0.0   MAIN                                                              10/17/2024 15:47:42 PAGE 3   


C51 COMPILATION COMPLETE.  0 WARNING(S),  0 ERROR(S)
