C51 COMPILER V9.60.7.0   U8G2_D_SETUP                                                      10/16/2024 15:44:14 PAGE 1   


C51 COMPILER V9.60.7.0, COMPILATION OF MODULE U8G2_D_SETUP
OBJECT MODULE PLACED IN .\Objects\u8g2_d_setup.obj
COMPILER INVOKED BY: D:\Keil\C51\BIN\C51.EXE ..\u8g2\u8g2_d_setup.c OMF2 OPTIMIZE(8,SPEED) BROWSE INCDIR(..\Libary\Devic
                    -e\CMS8S6990\Include;..\Libary\StdDriver\inc;..\code;..\u8g2;..\GUI) DEBUG PRINT(.\Listings\u8g2_d_setup.lst) TABS(2) OBJ
                    -ECT(.\Objects\u8g2_d_setup.obj)

line level    source

   1          #include "u8g2.h"
   2          /* ssd1306 f */
   3          void u8g2_Setup_ssd1306_i2c_128x64_noname_f(u8g2_t *u8g2, const u8g2_cb_t *rotation, u8x8_msg_cb byte_cb, 
             -u8x8_msg_cb gpio_and_delay_cb)
   4          {
   5   1        uint8_t tile_buf_height;
   6   1        uint8_t *buf;
   7   1        u8g2_SetupDisplay(u8g2, u8x8_d_ssd1306_128x64_noname, u8x8_cad_ssd13xx_fast_i2c, byte_cb, gpio_and_delay
             -_cb);
   8   1        buf = u8g2_m_16_8_f(&tile_buf_height);
   9   1        u8g2_SetupBuffer(u8g2, buf, tile_buf_height, u8g2_ll_hvline_vertical_top_lsb, rotation);
  10   1      }
  11          //u8g2_Setup_ssd1306_128x64_noname_1


MODULE INFORMATION:   STATIC OVERLAYABLE
   CODE SIZE        =     96    ----
   CONSTANT SIZE    =   ----    ----
   XDATA SIZE       =   ----    ----
   PDATA SIZE       =   ----    ----
   DATA SIZE        =   ----      16
   IDATA SIZE       =   ----    ----
   BIT SIZE         =   ----    ----
   EDATA SIZE       =   ----    ----
   HDATA SIZE       =   ----    ----
   XDATA CONST SIZE =   ----    ----
   FAR CONST SIZE   =   ----    ----
END OF MODULE INFORMATION.


C51 COMPILATION COMPLETE.  0 WARNING(S),  0 ERROR(S)
