C51 COMPILER V9.60.0.0   U8G2_LINE                                                         10/18/2024 17:39:07 PAGE 1   


C51 COMPILER V9.60.0.0, COMPILATION OF MODULE U8G2_LINE
OBJECT MODULE PLACED IN .\Objects\u8g2_line.obj
COMPILER INVOKED BY: D:\Keil_v5\C51\BIN\C51.EXE ..\u8g2\u8g2_line.c OMF2 OPTIMIZE(8,SPEED) BROWSE INCDIR(..\Libary\Devic
                    -e\CMS8S6990\Include;..\Libary\StdDriver\inc;..\code;..\u8g2;..\GUI) DEBUG PRINT(.\Listings\u8g2_line.lst) TABS(2) OBJECT
                    -(.\Objects\u8g2_line.obj)

line level    source

   1          /*
   2          
   3            u8g2_box.c
   4          
   5            Universal 8bit Graphics Library (https://github.com/olikraus/u8g2/)
   6          
   7            Copyright (c) 2016, olikraus@gmail.com
   8            All rights reserved.
   9          
  10            Redistribution and use in source and binary forms, with or without modification, 
  11            are permitted provided that the following conditions are met:
  12          
  13            * Redistributions of source code must retain the above copyright notice, this list 
  14              of conditions and the following disclaimer.
  15              
  16            * Redistributions in binary form must reproduce the above copyright notice, this 
  17              list of conditions and the following disclaimer in the documentation and/or other 
  18              materials provided with the distribution.
  19          
  20            THIS SOFTWARE IS PROVIDED BY THE COPYRIGHT HOLDERS AND 
  21            CONTRIBUTORS "AS IS" AND ANY EXPRESS OR IMPLIED WARRANTIES, 
  22            INCLUDING, BUT NOT LIMITED TO, THE IMPLIED WARRANTIES OF 
  23            MERCHANTABILITY AND FITNESS FOR A PARTICULAR PURPOSE ARE 
  24            DISCLAIMED. IN NO EVENT SHALL THE COPYRIGHT HOLDER OR 
  25            CONTRIBUTORS BE LIABLE FOR ANY DIRECT, INDIRECT, INCIDENTAL, 
  26            SPECIAL, EXEMPLARY, OR CONSEQUENTIAL DAMAGES (INCLUDING, BUT 
  27            NOT LIMITED TO, PROCUREMENT OF SUBSTITUTE GOODS OR SERVICES; 
  28            LOSS OF USE, DATA, OR PROFITS; OR BUSINESS INTERRUPTION) HOWEVER 
  29            CAUSED AND ON ANY THEORY OF LIABILITY, WHETHER IN CONTRACT, 
  30            STRICT LIABILITY, OR TORT (INCLUDING NEGLIGENCE OR OTHERWISE) 
  31            ARISING IN ANY WAY OUT OF THE USE OF THIS SOFTWARE, EVEN IF 
  32            ADVISED OF THE POSSIBILITY OF SUCH DAMAGE.  
  33          
  34          */
  35          
  36          #include "u8g2.h"
  37          
  38          
  39          void u8g2_DrawLine(u8g2_t *u8g2, u8g2_uint_t x1, u8g2_uint_t y1, u8g2_uint_t x2, u8g2_uint_t y2)
  40          {
  41   1        u8g2_uint_t tmp;
  42   1        u8g2_uint_t x,y;
  43   1        u8g2_uint_t dx, dy;
  44   1        u8g2_int_t err;
  45   1        u8g2_int_t ystep;
  46   1      
  47   1        uint8_t swapxy = 0;
  48   1        
  49   1        /* no intersection check at the moment, should be added... */
  50   1      
  51   1        if ( x1 > x2 ) dx = x1-x2; else dx = x2-x1;
  52   1        if ( y1 > y2 ) dy = y1-y2; else dy = y2-y1;
  53   1      
C51 COMPILER V9.60.0.0   U8G2_LINE                                                         10/18/2024 17:39:07 PAGE 2   

  54   1        if ( dy > dx ) 
  55   1        {
  56   2          swapxy = 1;
  57   2          tmp = dx; dx =dy; dy = tmp;
  58   2          tmp = x1; x1 =y1; y1 = tmp;
  59   2          tmp = x2; x2 =y2; y2 = tmp;
  60   2        }
  61   1        if ( x1 > x2 ) 
  62   1        {
  63   2          tmp = x1; x1 =x2; x2 = tmp;
  64   2          tmp = y1; y1 =y2; y2 = tmp;
  65   2        }
  66   1        err = dx >> 1;
  67   1        if ( y2 > y1 ) ystep = 1; else ystep = -1;
  68   1        y = y1;
  69   1      
  70   1      #ifndef  U8G2_16BIT
  71   1        if ( x2 == 255 )
  72   1          x2--;
  73   1      #else
                if ( x2 == 0xffff )
                  x2--;
              #endif
  77   1      
  78   1        for( x = x1; x <= x2; x++ )
  79   1        {
  80   2          if ( swapxy == 0 ) 
  81   2            u8g2_DrawPixel(u8g2, x, y); 
  82   2          else 
  83   2            u8g2_DrawPixel(u8g2, y, x); 
  84   2          err -= (uint8_t)dy;
  85   2          if ( err < 0 ) 
  86   2          {
  87   3            y += (u8g2_uint_t)ystep;
  88   3            err += (u8g2_uint_t)dx;
  89   3          }
  90   2        }
  91   1      }
  92          


MODULE INFORMATION:   STATIC OVERLAYABLE
   CODE SIZE        =    206    ----
   CONSTANT SIZE    =   ----    ----
   XDATA SIZE       =   ----    ----
   PDATA SIZE       =   ----    ----
   DATA SIZE        =   ----      15
   IDATA SIZE       =   ----    ----
   BIT SIZE         =   ----    ----
   EDATA SIZE       =   ----    ----
   HDATA SIZE       =   ----    ----
   XDATA CONST SIZE =   ----    ----
   FAR CONST SIZE   =   ----    ----
END OF MODULE INFORMATION.


C51 COMPILATION COMPLETE.  0 WARNING(S),  0 ERROR(S)
