C51 COMPILER V9.60.7.0   U8G2_D_MEMORY                                                     10/16/2024 15:44:14 PAGE 1   


C51 COMPILER V9.60.7.0, COMPILATION OF MODULE U8G2_D_MEMORY
OBJECT MODULE PLACED IN .\Objects\u8g2_d_memory.obj
COMPILER INVOKED BY: D:\Keil\C51\BIN\C51.EXE ..\u8g2\u8g2_d_memory.c OMF2 OPTIMIZE(8,SPEED) BROWSE INCDIR(..\Libary\Devi
                    -ce\CMS8S6990\Include;..\Libary\StdDriver\inc;..\code;..\u8g2;..\GUI) DEBUG PRINT(.\Listings\u8g2_d_memory.lst) TABS(2) O
                    -BJECT(.\Objects\u8g2_d_memory.obj)

line level    source

   1          /* u8g2_d_memory.c */
   2          /* generated code, codebuild, u8g2 project */
   3          
   4          #include "u8g2.h"
   5          
   6          #define U8G2_SIZE_MAX 128
   7          
   8          uint8_t *u8g2_m_16_8_f(uint8_t *page_cnt)
   9          {
  10   1        #ifdef U8G2_USE_DYNAMIC_ALLOC
                *page_cnt = 8;
                return 0;
                #else
  14   1        static uint8_t buf[U8G2_SIZE_MAX];
  15   1        *page_cnt = 8;
  16   1        return buf;
  17   1        #endif
  18   1      }


MODULE INFORMATION:   STATIC OVERLAYABLE
   CODE SIZE        =     12    ----
   CONSTANT SIZE    =   ----    ----
   XDATA SIZE       =   ----    ----
   PDATA SIZE       =   ----    ----
   DATA SIZE        =    128    ----
   IDATA SIZE       =   ----    ----
   BIT SIZE         =   ----    ----
   EDATA SIZE       =   ----    ----
   HDATA SIZE       =   ----    ----
   XDATA CONST SIZE =   ----    ----
   FAR CONST SIZE   =   ----    ----
END OF MODULE INFORMATION.


C51 COMPILATION COMPLETE.  0 WARNING(S),  0 ERROR(S)
