C51 COMPILER V9.60.7.0   U8G2_FONTS                                                        10/16/2024 15:44:14 PAGE 1   


C51 COMPILER V9.60.7.0, COMPILATION OF MODULE U8G2_FONTS
OBJECT MODULE PLACED IN .\Objects\u8g2_fonts.obj
COMPILER INVOKED BY: D:\Keil\C51\BIN\C51.EXE ..\u8g2\u8g2_fonts.c OMF2 OPTIMIZE(8,SPEED) BROWSE INCDIR(..\Libary\Device\
                    -CMS8S6990\Include;..\Libary\StdDriver\inc;..\code;..\u8g2;..\GUI) DEBUG PRINT(.\Listings\u8g2_fonts.lst) TABS(2) OBJECT(
                    -.\Objects\u8g2_fonts.obj)

line level    source



MODULE INFORMATION:   STATIC OVERLAYABLE
   CODE SIZE        =   ----    ----
   CONSTANT SIZE    =   ----    ----
   XDATA SIZE       =   ----    ----
   PDATA SIZE       =   ----    ----
   DATA SIZE        =   ----    ----
   IDATA SIZE       =   ----    ----
   BIT SIZE         =   ----    ----
   EDATA SIZE       =   ----    ----
   HDATA SIZE       =   ----    ----
   XDATA CONST SIZE =   ----    ----
   FAR CONST SIZE   =   ----    ----
END OF MODULE INFORMATION.


C51 COMPILATION COMPLETE.  0 WARNING(S),  0 ERROR(S)
