C51 COMPILER V9.60.7.0   U8LOG_U8X8                                                        10/16/2024 15:44:18 PAGE 1   


C51 COMPILER V9.60.7.0, COMPILATION OF MODULE U8LOG_U8X8
OBJECT MODULE PLACED IN .\Objects\u8log_u8x8.obj
COMPILER INVOKED BY: D:\Keil\C51\BIN\C51.EXE ..\u8g2\u8log_u8x8.c OMF2 OPTIMIZE(8,SPEED) BROWSE INCDIR(..\Libary\Device\
                    -CMS8S6990\Include;..\Libary\StdDriver\inc;..\code;..\u8g2;..\GUI) DEBUG PRINT(.\Listings\u8log_u8x8.lst) TABS(2) OBJECT(
                    -.\Objects\u8log_u8x8.obj)

line level    source

   1          /*
   2          
   3            u8log_u8x8.c
   4            
   5          
   6            Universal 8bit Graphics Library (https://github.com/olikraus/u8g2/)
   7          
   8            Copyright (c) 2018, olikraus@gmail.com
   9            All rights reserved.
  10          
  11            Redistribution and use in source and binary forms, with or without modification, 
  12            are permitted provided that the following conditions are met:
  13          
  14            * Redistributions of source code must retain the above copyright notice, this list 
  15              of conditions and the following disclaimer.
  16              
  17            * Redistributions in binary form must reproduce the above copyright notice, this 
  18              list of conditions and the following disclaimer in the documentation and/or other 
  19              materials provided with the distribution.
  20          
  21            THIS SOFTWARE IS PROVIDED BY THE COPYRIGHT HOLDERS AND 
  22            CONTRIBUTORS "AS IS" AND ANY EXPRESS OR IMPLIED WARRANTIES, 
  23            INCLUDING, BUT NOT LIMITED TO, THE IMPLIED WARRANTIES OF 
  24            MERCHANTABILITY AND FITNESS FOR A PARTICULAR PURPOSE ARE 
  25            DISCLAIMED. IN NO EVENT SHALL THE COPYRIGHT HOLDER OR 
  26            CONTRIBUTORS BE LIABLE FOR ANY DIRECT, INDIRECT, INCIDENTAL, 
  27            SPECIAL, EXEMPLARY, OR CONSEQUENTIAL DAMAGES (INCLUDING, BUT 
  28            NOT LIMITED TO, PROCUREMENT OF SUBSTITUTE GOODS OR SERVICES; 
  29            LOSS OF USE, DATA, OR PROFITS; OR BUSINESS INTERRUPTION) HOWEVER 
  30            CAUSED AND ON ANY THEORY OF LIABILITY, WHETHER IN CONTRACT, 
  31            STRICT LIABILITY, OR TORT (INCLUDING NEGLIGENCE OR OTHERWISE) 
  32            ARISING IN ANY WAY OUT OF THE USE OF THIS SOFTWARE, EVEN IF 
  33            ADVISED OF THE POSSIBILITY OF SUCH DAMAGE.  
  34          
  35          */
  36          
  37          #include "u8x8.h"
  38          
  39          static void u8x8_DrawLogLine(u8x8_t *u8x8, uint8_t disp_x, uint8_t disp_y, uint8_t buf_y, u8log_t *u8log) 
             -U8X8_NOINLINE;
  40          static void u8x8_DrawLogLine(u8x8_t *u8x8, uint8_t disp_x, uint8_t disp_y, uint8_t buf_y, u8log_t *u8log)
  41          {
  42   1        uint8_t buf_x;
  43   1        uint8_t c;
  44   1        for( buf_x = 0; buf_x < u8log->width; buf_x++ )
  45   1        {
  46   2          c = u8log->screen_buffer[buf_y * u8log->width + buf_x];
  47   2          u8x8_DrawGlyph(u8x8, disp_x, disp_y, c);
  48   2          disp_x++;
  49   2        }
  50   1      }
  51          
  52          void u8x8_DrawLog(u8x8_t *u8x8, uint8_t x, uint8_t y, u8log_t *u8log)
C51 COMPILER V9.60.7.0   U8LOG_U8X8                                                        10/16/2024 15:44:18 PAGE 2   

  53          {
  54   1        uint8_t buf_y;
  55   1        for( buf_y = 0; buf_y < u8log->height; buf_y++ )
  56   1        {
  57   2          u8x8_DrawLogLine(u8x8, x, y, buf_y, u8log);
  58   2          y++;
  59   2        }
  60   1      }
  61          
  62          
  63          void u8log_u8x8_cb(u8log_t * u8log)
  64          {
  65   1        u8x8_t *u8x8 = (u8x8_t *)(u8log->aux_data);
  66   1        if ( u8log->is_redraw_all )
  67   1        {
  68   2          u8x8_DrawLog(u8x8, 0, 0, u8log);
  69   2        }
  70   1        else if ( u8log->is_redraw_line )
  71   1        {
  72   2          u8x8_DrawLogLine(u8x8, 0, u8log->redraw_line, u8log->redraw_line, u8log);
  73   2        }
  74   1      }
  75          


MODULE INFORMATION:   STATIC OVERLAYABLE
   CODE SIZE        =    232    ----
   CONSTANT SIZE    =   ----    ----
   XDATA SIZE       =   ----    ----
   PDATA SIZE       =   ----    ----
   DATA SIZE        =   ----      26
   IDATA SIZE       =   ----    ----
   BIT SIZE         =   ----    ----
   EDATA SIZE       =   ----    ----
   HDATA SIZE       =   ----    ----
   XDATA CONST SIZE =   ----    ----
   FAR CONST SIZE   =   ----    ----
END OF MODULE INFORMATION.


C51 COMPILATION COMPLETE.  0 WARNING(S),  0 ERROR(S)
