C51 COMPILER V9.60.0.0   U8X8_FONTS                                                        10/18/2024 17:05:42 PAGE 1   


C51 COMPILER V9.60.0.0, COMPILATION OF MODULE U8X8_FONTS
OBJECT MODULE PLACED IN .\Objects\u8x8_fonts.obj
COMPILER INVOKED BY: D:\Keil_v5\C51\BIN\C51.EXE ..\u8g2\u8x8_fonts.c OMF2 OPTIMIZE(8,SPEED) BROWSE INCDIR(..\Libary\Devi
                    -ce\CMS8S6990\Include;..\Libary\StdDriver\inc;..\code;..\u8g2;..\GUI) DEBUG PRINT(.\Listings\u8x8_fonts.lst) TABS(2) OBJE
                    -CT(.\Objects\u8x8_fonts.obj)

line level    source



MODULE INFORMATION:   STATIC OVERLAYABLE
   CODE SIZE        =   ----    ----
   CONSTANT SIZE    =   ----    ----
   XDATA SIZE       =   ----    ----
   PDATA SIZE       =   ----    ----
   DATA SIZE        =   ----    ----
   IDATA SIZE       =   ----    ----
   BIT SIZE         =   ----    ----
   EDATA SIZE       =   ----    ----
   HDATA SIZE       =   ----    ----
   XDATA CONST SIZE =   ----    ----
   FAR CONST SIZE   =   ----    ----
END OF MODULE INFORMATION.


C51 COMPILATION COMPLETE.  0 WARNING(S),  0 ERROR(S)
